[debug] [2021-05-29T13:00:18.646Z] ----------------------------------------------------------------------
[debug] [2021-05-29T13:00:18.648Z] Command:       E:\Program Files\nodejs\node.exe C:\Users\billy_67if2zb\AppData\Roaming\npm\node_modules\firebase-tools\lib\bin\firebase.js init
[debug] [2021-05-29T13:00:18.648Z] CLI Version:   9.12.0
[debug] [2021-05-29T13:00:18.648Z] Platform:      win32
[debug] [2021-05-29T13:00:18.648Z] Node Version:  v14.17.0
[debug] [2021-05-29T13:00:18.649Z] Time:          Sat May 29 2021 08:00:18 GMT-0500 (hora de verano central)
[debug] [2021-05-29T13:00:18.649Z] ----------------------------------------------------------------------
[debug] 
[debug] [2021-05-29T13:00:18.653Z] > command requires scopes: ["email","openid","https://www.googleapis.com/auth/cloudplatformprojects.readonly","https://www.googleapis.com/auth/firebase","https://www.googleapis.com/auth/cloud-platform"]
[debug] [2021-05-29T13:00:18.653Z] > authorizing via signed-in user (billyvectorussxd@gmail.com)
[info] 
     ######## #### ########  ######## ########     ###     ######  ########
     ##        ##  ##     ## ##       ##     ##  ##   ##  ##       ##
     ######    ##  ########  ######   ########  #########  ######  ######
     ##        ##  ##    ##  ##       ##     ## ##     ##       ## ##
     ##       #### ##     ## ######## ########  ##     ##  ######  ########

You're about to initialize a Firebase project in this directory:

  C:\Users\billy_67if2zb\OneDrive\Escritorio\proyecto\react\project

[info] 
=== Project Setup
[info] 
[info] First, let's associate this project directory with a Firebase project.
[info] You can create multiple project aliases by running firebase use --add, 
[info] but for now we'll just set up a default project.
[info] 
[debug] [2021-05-29T13:00:34.952Z] >>> [apiv2][query] GET https://firebase.googleapis.com/v1beta1/projects pageSize=100
[debug] [2021-05-29T13:00:35.361Z] <<< [apiv2][status] GET https://firebase.googleapis.com/v1beta1/projects 200
[debug] [2021-05-29T13:00:35.361Z] <<< [apiv2][body] GET https://firebase.googleapis.com/v1beta1/projects [omitted]
[info] i  Using project redux-store-d4ea2 (redux-store) 
[info] 
=== Hosting Setup
[info] 
[info] Your public directory is the folder (relative to your project directory) that
[info] will contain Hosting assets to be uploaded with firebase deploy. If you
[info] have a build process for your assets, use your build's output directory.
[info] 
